<?xml version="1.0" encoding="UTF-8"?>
<testsuite xmlns:xsi="http://www.w3.org/2001/XMLSchema-instance" xsi:noNamespaceSchemaLocation="https://maven.apache.org/surefire/maven-surefire-plugin/xsd/surefire-test-report-3.0.xsd" version="3.0" name="com.jgazula.typesaferesources.maven.propertiesconstants.PropertiesFileConfigurationTests" time="0.085" tests="6" errors="0" skipped="0" failures="0">
  <properties>
[...]
</properties>
  <testcase name="generatedClassNameCannotBeNull" classname="com.jgazula.typesaferesources.maven.propertiesconstants.PropertiesFileConfigurationTests" time="0.063"/>
  <testcase name="fileCannotBeNull" classname="com.jgazula.typesaferesources.maven.propertiesconstants.PropertiesFileConfigurationTests" time="0.001"/>
  <testcase name="successfulValidation" classname="com.jgazula.typesaferesources.maven.propertiesconstants.PropertiesFileConfigurationTests" time="0.001"/>
  <testcase name="generatedPackageNameCannotBeEmpty" classname="com.jgazula.typesaferesources.maven.propertiesconstants.PropertiesFileConfigurationTests" time="0.001"/>
  <testcase name="generatedPackageNameCannotBeNull" classname="com.jgazula.typesaferesources.maven.propertiesconstants.PropertiesFileConfigurationTests" time="0.001"/>
  <testcase name="generatedClassNameCannotBeEmpty" classname="com.jgazula.typesaferesources.maven.propertiesconstants.PropertiesFileConfigurationTests" time="0.001"/>
</testsuite>